<?xml version="1.0" encoding="UTF-8"?>
<!-- Generated by org.testng.reporters.JUnitReportReporter -->
<testsuite hostname="Vigneshwaran" failures="0" tests="1" name="Project1_Amazon_Testcases.Testcase13" time="49.946" errors="0" timestamp="2024-07-17T20:32:08 IST" skipped="0">
  <testcase classname="Project1_Amazon_Testcases.Testcase13" name="Apply_Couponcode" time="49.946"/>
  <system-out/>
</testsuite> <!-- Project1_Amazon_Testcases.Testcase13 -->
