<?xml version="1.0" encoding="UTF-8"?>
<!-- Generated by org.testng.reporters.JUnitReportReporter -->
<testsuite hostname="Vigneshwaran" failures="0" tests="1" name="Project1_Amazon_Testcases.Testcase3" time="13.019" errors="0" timestamp="2024-07-17T20:32:08 IST" skipped="0">
  <testcase classname="Project1_Amazon_Testcases.Testcase3" name="Login_Failure" time="13.019"/>
  <system-out/>
</testsuite> <!-- Project1_Amazon_Testcases.Testcase3 -->
